<?xml version="1.0" encoding="UTF-8"?>
<testsuite name="testCases.VulnerabilityTest" tests="1" skipped="0" failures="1" errors="0" timestamp="2021-08-13T04:03:55" hostname="DESKTOP-N4GNA79" time="106.639">
  <properties/>
  <testcase name="startVulnerabilityScanner()" classname="testCases.VulnerabilityTest" time="106.639">
    <failure message="org.json.JSONException: JSONObject[&quot;status&quot;] not found." type="org.json.JSONException">org.json.JSONException: JSONObject[&quot;status&quot;] not found.
	at org.json.JSONObject.get(JSONObject.java:572)
	at testCases.VulnerabilityTest.startVulnerabilityScanner(VulnerabilityTest.java:41)
	at java.base/jdk.internal.reflect.NativeMethodAccessorImpl.invoke0(Native Method)
	at java.base/jdk.internal.reflect.NativeMethodAccessorImpl.invoke(NativeMethodAccessorImpl.java:62)
	at java.base/jdk.internal.reflect.DelegatingMethodAccessorImpl.invoke(DelegatingMethodAccessorImpl.java:43)
	at java.base/java.lang.reflect.Method.invoke(Method.java:566)
	at org.junit.platform.commons.util.ReflectionUtils.invokeMethod(ReflectionUtils.java:688)
	at org.junit.jupiter.engine.execution.MethodInvocation.proceed(MethodInvocation.java:60)
	at org.junit.jupiter.engine.execution.InvocationInterceptorChain$ValidatingInvocation.proceed(InvocationInterceptorChain.java:131)
	at org.junit.jupiter.engine.extension.TimeoutExtension.intercept(TimeoutExtension.java:149)
	at org.junit.jupiter.engine.extension.TimeoutExtension.interceptTestableMethod(TimeoutExtension.java:140)
	at org.junit.jupiter.engine.extension.TimeoutExtension.interceptTestMethod(TimeoutExtension.java:84)
	at org.junit.jupiter.engine.execution.ExecutableInvoker$ReflectiveInterceptorCall.lambda$ofVoidMethod$0(ExecutableInvoker.java:115)
	at org.junit.jupiter.engine.execution.ExecutableInvoker.lambda$invoke$0(ExecutableInvoker.java:105)
	at org.junit.jupiter.engine.execution.InvocationInterceptorChain$InterceptedInvocation.proceed(InvocationInterceptorChain.java:106)
	at org.junit.jupiter.engine.execution.InvocationInterceptorChain.proceed(InvocationInterceptorChain.java:64)
	at org.junit.jupiter.engine.execution.InvocationInterceptorChain.chainAndInvoke(InvocationInterceptorChain.java:45)
	at org.junit.jupiter.engine.execution.InvocationInterceptorChain.invoke(InvocationInterceptorChain.java:37)
	at org.junit.jupiter.engine.execution.ExecutableInvoker.invoke(ExecutableInvoker.java:104)
	at org.junit.jupiter.engine.execution.ExecutableInvoker.invoke(ExecutableInvoker.java:98)
	at org.junit.jupiter.engine.descriptor.TestMethodTestDescriptor.lambda$invokeTestMethod$6(TestMethodTestDescriptor.java:210)
	at org.junit.platform.engine.support.hierarchical.ThrowableCollector.execute(ThrowableCollector.java:73)
	at org.junit.jupiter.engine.descriptor.TestMethodTestDescriptor.invokeTestMethod(TestMethodTestDescriptor.java:206)
	at org.junit.jupiter.engine.descriptor.TestMethodTestDescriptor.execute(TestMethodTestDescriptor.java:131)
	at org.junit.jupiter.engine.descriptor.TestMethodTestDescriptor.execute(TestMethodTestDescriptor.java:65)
	at org.junit.platform.engine.support.hierarchical.NodeTestTask.lambda$executeRecursively$5(NodeTestTask.java:139)
	at org.junit.platform.engine.support.hierarchical.ThrowableCollector.execute(ThrowableCollector.java:73)
	at org.junit.platform.engine.support.hierarchical.NodeTestTask.lambda$executeRecursively$7(NodeTestTask.java:129)
	at org.junit.platform.engine.support.hierarchical.Node.around(Node.java:137)
	at org.junit.platform.engine.support.hierarchical.NodeTestTask.lambda$executeRecursively$8(NodeTestTask.java:127)
	at org.junit.platform.engine.support.hierarchical.ThrowableCollector.execute(ThrowableCollector.java:73)
	at org.junit.platform.engine.support.hierarchical.NodeTestTask.executeRecursively(NodeTestTask.java:126)
	at org.junit.platform.engine.support.hierarchical.NodeTestTask.execute(NodeTestTask.java:84)
	at java.base/java.util.ArrayList.forEach(ArrayList.java:1540)
	at org.junit.platform.engine.support.hierarchical.SameThreadHierarchicalTestExecutorService.invokeAll(SameThreadHierarchicalTestExecutorService.java:38)
	at org.junit.platform.engine.support.hierarchical.NodeTestTask.lambda$executeRecursively$5(NodeTestTask.java:143)
	at org.junit.platform.engine.support.hierarchical.ThrowableCollector.execute(ThrowableCollector.java:73)
	at org.junit.platform.engine.support.hierarchical.NodeTestTask.lambda$executeRecursively$7(NodeTestTask.java:129)
	at org.junit.platform.engine.support.hierarchical.Node.around(Node.java:137)
	at org.junit.platform.engine.support.hierarchical.NodeTestTask.lambda$executeRecursively$8(NodeTestTask.java:127)
	at org.junit.platform.engine.support.hierarchical.ThrowableCollector.execute(ThrowableCollector.java:73)
	at org.junit.platform.engine.support.hierarchical.NodeTestTask.executeRecursively(NodeTestTask.java:126)
	at org.junit.platform.engine.support.hierarchical.NodeTestTask.execute(NodeTestTask.java:84)
	at java.base/java.util.ArrayList.forEach(ArrayList.java:1540)
	at org.junit.platform.engine.support.hierarchical.SameThreadHierarchicalTestExecutorService.invokeAll(SameThreadHierarchicalTestExecutorService.java:38)
	at org.junit.platform.engine.support.hierarchical.NodeTestTask.lambda$executeRecursively$5(NodeTestTask.java:143)
	at org.junit.platform.engine.support.hierarchical.ThrowableCollector.execute(ThrowableCollector.java:73)
	at org.junit.platform.engine.support.hierarchical.NodeTestTask.lambda$executeRecursively$7(NodeTestTask.java:129)
	at org.junit.platform.engine.support.hierarchical.Node.around(Node.java:137)
	at org.junit.platform.engine.support.hierarchical.NodeTestTask.lambda$executeRecursively$8(NodeTestTask.java:127)
	at org.junit.platform.engine.support.hierarchical.ThrowableCollector.execute(ThrowableCollector.java:73)
	at org.junit.platform.engine.support.hierarchical.NodeTestTask.executeRecursively(NodeTestTask.java:126)
	at org.junit.platform.engine.support.hierarchical.NodeTestTask.execute(NodeTestTask.java:84)
	at org.junit.platform.engine.support.hierarchical.SameThreadHierarchicalTestExecutorService.submit(SameThreadHierarchicalTestExecutorService.java:32)
	at org.junit.platform.engine.support.hierarchical.HierarchicalTestExecutor.execute(HierarchicalTestExecutor.java:57)
	at org.junit.platform.engine.support.hierarchical.HierarchicalTestEngine.execute(HierarchicalTestEngine.java:51)
	at org.junit.platform.launcher.core.EngineExecutionOrchestrator.execute(EngineExecutionOrchestrator.java:108)
	at org.junit.platform.launcher.core.EngineExecutionOrchestrator.execute(EngineExecutionOrchestrator.java:88)
	at org.junit.platform.launcher.core.EngineExecutionOrchestrator.lambda$execute$0(EngineExecutionOrchestrator.java:54)
	at org.junit.platform.launcher.core.EngineExecutionOrchestrator.withInterceptedStreams(EngineExecutionOrchestrator.java:67)
	at org.junit.platform.launcher.core.EngineExecutionOrchestrator.execute(EngineExecutionOrchestrator.java:52)
	at org.junit.platform.launcher.core.DefaultLauncher.execute(DefaultLauncher.java:96)
	at org.junit.platform.launcher.core.DefaultLauncher.execute(DefaultLauncher.java:75)
	at org.gradle.api.internal.tasks.testing.junitplatform.JUnitPlatformTestClassProcessor$CollectAllTestClassesExecutor.processAllTestClasses(JUnitPlatformTestClassProcessor.java:99)
	at org.gradle.api.internal.tasks.testing.junitplatform.JUnitPlatformTestClassProcessor$CollectAllTestClassesExecutor.access$000(JUnitPlatformTestClassProcessor.java:79)
	at org.gradle.api.internal.tasks.testing.junitplatform.JUnitPlatformTestClassProcessor.stop(JUnitPlatformTestClassProcessor.java:75)
	at org.gradle.api.internal.tasks.testing.SuiteTestClassProcessor.stop(SuiteTestClassProcessor.java:61)
	at java.base/jdk.internal.reflect.NativeMethodAccessorImpl.invoke0(Native Method)
	at java.base/jdk.internal.reflect.NativeMethodAccessorImpl.invoke(NativeMethodAccessorImpl.java:62)
	at java.base/jdk.internal.reflect.DelegatingMethodAccessorImpl.invoke(DelegatingMethodAccessorImpl.java:43)
	at java.base/java.lang.reflect.Method.invoke(Method.java:566)
	at org.gradle.internal.dispatch.ReflectionDispatch.dispatch(ReflectionDispatch.java:36)
	at org.gradle.internal.dispatch.ReflectionDispatch.dispatch(ReflectionDispatch.java:24)
	at org.gradle.internal.dispatch.ContextClassLoaderDispatch.dispatch(ContextClassLoaderDispatch.java:33)
	at org.gradle.internal.dispatch.ProxyDispatchAdapter$DispatchingInvocationHandler.invoke(ProxyDispatchAdapter.java:94)
	at com.sun.proxy.$Proxy4.stop(Unknown Source)
	at org.gradle.api.internal.tasks.testing.worker.TestWorker.stop(TestWorker.java:133)
	at java.base/jdk.internal.reflect.NativeMethodAccessorImpl.invoke0(Native Method)
	at java.base/jdk.internal.reflect.NativeMethodAccessorImpl.invoke(NativeMethodAccessorImpl.java:62)
	at java.base/jdk.internal.reflect.DelegatingMethodAccessorImpl.invoke(DelegatingMethodAccessorImpl.java:43)
	at java.base/java.lang.reflect.Method.invoke(Method.java:566)
	at org.gradle.internal.dispatch.ReflectionDispatch.dispatch(ReflectionDispatch.java:36)
	at org.gradle.internal.dispatch.ReflectionDispatch.dispatch(ReflectionDispatch.java:24)
	at org.gradle.internal.remote.internal.hub.MessageHubBackedObjectConnection$DispatchWrapper.dispatch(MessageHubBackedObjectConnection.java:182)
	at org.gradle.internal.remote.internal.hub.MessageHubBackedObjectConnection$DispatchWrapper.dispatch(MessageHubBackedObjectConnection.java:164)
	at org.gradle.internal.remote.internal.hub.MessageHub$Handler.run(MessageHub.java:414)
	at org.gradle.internal.concurrent.ExecutorPolicy$CatchAndRecordFailures.onExecute(ExecutorPolicy.java:64)
	at org.gradle.internal.concurrent.ManagedExecutorImpl$1.run(ManagedExecutorImpl.java:48)
	at java.base/java.util.concurrent.ThreadPoolExecutor.runWorker(ThreadPoolExecutor.java:1128)
	at java.base/java.util.concurrent.ThreadPoolExecutor$Worker.run(ThreadPoolExecutor.java:628)
	at org.gradle.internal.concurrent.ThreadFactoryImpl$ManagedThreadRunnable.run(ThreadFactoryImpl.java:56)
	at java.base/java.lang.Thread.run(Thread.java:834)
</failure>
  </testcase>
  <system-out><![CDATA[INFO > GET http://localhost:8888/JSON/ascan/action/scan/?url=https://todoist.com/es
INFO > GET {"scan":"10"}
INFO > GET 200
********** ID 10
INFO > GET http://localhost:8888/JSON/ascan/view/status/?scanId=10
INFO > GET {"status":"10"}
INFO > GET 200
STATUS ----> 10
INFO > GET http://localhost:8888/JSON/ascan/view/status/?scanId=10
INFO > GET {"status":"10"}
INFO > GET 200
STATUS ----> 10
INFO > GET http://localhost:8888/JSON/ascan/view/status/?scanId=10
INFO > GET {"status":"10"}
INFO > GET 200
STATUS ----> 10
INFO > GET http://localhost:8888/JSON/ascan/view/status/?scanId=10
INFO > GET {"status":"10"}
INFO > GET 200
STATUS ----> 10
INFO > GET http://localhost:8888/JSON/ascan/view/status/?scanId=10
INFO > GET {"status":"10"}
INFO > GET 200
STATUS ----> 10
INFO > GET http://localhost:8888/JSON/ascan/view/status/?scanId=10
INFO > GET {"status":"10"}
INFO > GET 200
STATUS ----> 10
INFO > GET http://localhost:8888/JSON/ascan/view/status/?scanId=10
INFO > GET {"status":"10"}
INFO > GET 200
STATUS ----> 10
INFO > GET http://localhost:8888/JSON/ascan/view/status/?scanId=10
INFO > GET {"status":"10"}
INFO > GET 200
STATUS ----> 10
INFO > GET http://localhost:8888/JSON/ascan/view/status/?scanId=10
INFO > GET {"status":"10"}
INFO > GET 200
STATUS ----> 10
INFO > GET http://localhost:8888/JSON/ascan/view/status/?scanId=10
INFO > GET {"status":"10"}
INFO > GET 200
STATUS ----> 10
INFO > GET http://localhost:8888/JSON/ascan/view/status/?scanId=10
INFO > GET {"status":"10"}
INFO > GET 200
STATUS ----> 10
INFO > GET http://localhost:8888/JSON/ascan/view/status/?scanId=10
INFO > GET {"status":"10"}
INFO > GET 200
STATUS ----> 10
INFO > GET http://localhost:8888/JSON/ascan/view/status/?scanId=10
INFO > GET {"status":"10"}
INFO > GET 200
STATUS ----> 10
INFO > GET http://localhost:8888/JSON/ascan/view/status/?scanId=10
INFO > GET {"status":"10"}
INFO > GET 200
STATUS ----> 10
INFO > GET http://localhost:8888/JSON/ascan/view/status/?scanId=10
INFO > GET {"status":"10"}
INFO > GET 200
STATUS ----> 10
INFO > GET http://localhost:8888/JSON/ascan/view/status/?scanId=10
INFO > GET {"status":"10"}
INFO > GET 200
STATUS ----> 10
INFO > GET http://localhost:8888/JSON/ascan/view/status/?scanId=10
INFO > GET {"status":"10"}
INFO > GET 200
STATUS ----> 10
INFO > GET http://localhost:8888/JSON/ascan/view/status/?scanId=10
INFO > GET {"status":"10"}
INFO > GET 200
STATUS ----> 10
INFO > GET http://localhost:8888/JSON/ascan/view/status/?scanId=10
INFO > GET {"status":"10"}
INFO > GET 200
STATUS ----> 10
INFO > GET http://localhost:8888/JSON/ascan/view/status/?scanId=10
INFO > GET {"status":"10"}
INFO > GET 200
STATUS ----> 10
INFO > GET http://localhost:8888/JSON/ascan/view/status/?scanId=10
INFO > GET {"code":"does_not_exist","message":"No existe"}
INFO > GET 400
]]></system-out>
  <system-err><![CDATA[[DelegatingClassLoader@43958c47] error at io\qameta\allure\aspects\StepsAspects.java::0 the @annotation pointcut expression is only supported at Java 5 compliance level or above
[DelegatingClassLoader@43958c47] error at io\qameta\allure\aspects\AttachmentsAspects.java::0 the @annotation pointcut expression is only supported at Java 5 compliance level or above
[DelegatingClassLoader@65550887] error at io\qameta\allure\aspects\StepsAspects.java::0 the @annotation pointcut expression is only supported at Java 5 compliance level or above
[DelegatingClassLoader@65550887] error at io\qameta\allure\aspects\AttachmentsAspects.java::0 the @annotation pointcut expression is only supported at Java 5 compliance level or above
[DelegatingClassLoader@27939e2f] error at io\qameta\allure\aspects\StepsAspects.java::0 the @annotation pointcut expression is only supported at Java 5 compliance level or above
[DelegatingClassLoader@27939e2f] error at io\qameta\allure\aspects\AttachmentsAspects.java::0 the @annotation pointcut expression is only supported at Java 5 compliance level or above
[DelegatingClassLoader@7a6ee75d] error at io\qameta\allure\aspects\StepsAspects.java::0 the @annotation pointcut expression is only supported at Java 5 compliance level or above
[DelegatingClassLoader@7a6ee75d] error at io\qameta\allure\aspects\AttachmentsAspects.java::0 the @annotation pointcut expression is only supported at Java 5 compliance level or above
[DelegatingClassLoader@b827c50] error at io\qameta\allure\aspects\StepsAspects.java::0 the @annotation pointcut expression is only supported at Java 5 compliance level or above
[DelegatingClassLoader@b827c50] error at io\qameta\allure\aspects\AttachmentsAspects.java::0 the @annotation pointcut expression is only supported at Java 5 compliance level or above
[DelegatingClassLoader@6f2706c3] error at io\qameta\allure\aspects\StepsAspects.java::0 the @annotation pointcut expression is only supported at Java 5 compliance level or above
[DelegatingClassLoader@6f2706c3] error at io\qameta\allure\aspects\AttachmentsAspects.java::0 the @annotation pointcut expression is only supported at Java 5 compliance level or above
[DelegatingClassLoader@4d65fe06] error at io\qameta\allure\aspects\StepsAspects.java::0 the @annotation pointcut expression is only supported at Java 5 compliance level or above
[DelegatingClassLoader@4d65fe06] error at io\qameta\allure\aspects\AttachmentsAspects.java::0 the @annotation pointcut expression is only supported at Java 5 compliance level or above
[DelegatingClassLoader@79c5cf23] error at io\qameta\allure\aspects\StepsAspects.java::0 the @annotation pointcut expression is only supported at Java 5 compliance level or above
[DelegatingClassLoader@79c5cf23] error at io\qameta\allure\aspects\AttachmentsAspects.java::0 the @annotation pointcut expression is only supported at Java 5 compliance level or above
[DelegatingClassLoader@18276320] error at io\qameta\allure\aspects\StepsAspects.java::0 the @annotation pointcut expression is only supported at Java 5 compliance level or above
[DelegatingClassLoader@18276320] error at io\qameta\allure\aspects\AttachmentsAspects.java::0 the @annotation pointcut expression is only supported at Java 5 compliance level or above
[DelegatingClassLoader@18a9c301] error at io\qameta\allure\aspects\StepsAspects.java::0 the @annotation pointcut expression is only supported at Java 5 compliance level or above
[DelegatingClassLoader@18a9c301] error at io\qameta\allure\aspects\AttachmentsAspects.java::0 the @annotation pointcut expression is only supported at Java 5 compliance level or above
[DelegatingClassLoader@78c73c6f] error at io\qameta\allure\aspects\StepsAspects.java::0 the @annotation pointcut expression is only supported at Java 5 compliance level or above
[DelegatingClassLoader@78c73c6f] error at io\qameta\allure\aspects\AttachmentsAspects.java::0 the @annotation pointcut expression is only supported at Java 5 compliance level or above
[DelegatingClassLoader@70d4e504] error at io\qameta\allure\aspects\StepsAspects.java::0 the @annotation pointcut expression is only supported at Java 5 compliance level or above
[DelegatingClassLoader@70d4e504] error at io\qameta\allure\aspects\AttachmentsAspects.java::0 the @annotation pointcut expression is only supported at Java 5 compliance level or above
[DelegatingClassLoader@18748219] error at io\qameta\allure\aspects\StepsAspects.java::0 the @annotation pointcut expression is only supported at Java 5 compliance level or above
[DelegatingClassLoader@18748219] error at io\qameta\allure\aspects\AttachmentsAspects.java::0 the @annotation pointcut expression is only supported at Java 5 compliance level or above
[DelegatingClassLoader@1b98b278] error at io\qameta\allure\aspects\StepsAspects.java::0 the @annotation pointcut expression is only supported at Java 5 compliance level or above
[DelegatingClassLoader@1b98b278] error at io\qameta\allure\aspects\AttachmentsAspects.java::0 the @annotation pointcut expression is only supported at Java 5 compliance level or above
[DelegatingClassLoader@40f084a3] error at io\qameta\allure\aspects\StepsAspects.java::0 the @annotation pointcut expression is only supported at Java 5 compliance level or above
[DelegatingClassLoader@40f084a3] error at io\qameta\allure\aspects\AttachmentsAspects.java::0 the @annotation pointcut expression is only supported at Java 5 compliance level or above
[DelegatingClassLoader@22770831] error at io\qameta\allure\aspects\StepsAspects.java::0 the @annotation pointcut expression is only supported at Java 5 compliance level or above
[DelegatingClassLoader@22770831] error at io\qameta\allure\aspects\AttachmentsAspects.java::0 the @annotation pointcut expression is only supported at Java 5 compliance level or above
[DelegatingClassLoader@4bee7df7] error at io\qameta\allure\aspects\StepsAspects.java::0 the @annotation pointcut expression is only supported at Java 5 compliance level or above
[DelegatingClassLoader@4bee7df7] error at io\qameta\allure\aspects\AttachmentsAspects.java::0 the @annotation pointcut expression is only supported at Java 5 compliance level or above
[DelegatingClassLoader@4ecea08c] error at io\qameta\allure\aspects\StepsAspects.java::0 the @annotation pointcut expression is only supported at Java 5 compliance level or above
[DelegatingClassLoader@4ecea08c] error at io\qameta\allure\aspects\AttachmentsAspects.java::0 the @annotation pointcut expression is only supported at Java 5 compliance level or above
[DelegatingClassLoader@476eb9c8] error at io\qameta\allure\aspects\StepsAspects.java::0 the @annotation pointcut expression is only supported at Java 5 compliance level or above
[DelegatingClassLoader@476eb9c8] error at io\qameta\allure\aspects\AttachmentsAspects.java::0 the @annotation pointcut expression is only supported at Java 5 compliance level or above
[DelegatingClassLoader@d8fda88] error at io\qameta\allure\aspects\StepsAspects.java::0 the @annotation pointcut expression is only supported at Java 5 compliance level or above
[DelegatingClassLoader@d8fda88] error at io\qameta\allure\aspects\AttachmentsAspects.java::0 the @annotation pointcut expression is only supported at Java 5 compliance level or above
[DelegatingClassLoader@5ce8ea71] error at io\qameta\allure\aspects\StepsAspects.java::0 the @annotation pointcut expression is only supported at Java 5 compliance level or above
[DelegatingClassLoader@5ce8ea71] error at io\qameta\allure\aspects\AttachmentsAspects.java::0 the @annotation pointcut expression is only supported at Java 5 compliance level or above
[DelegatingClassLoader@35559a2f] error at io\qameta\allure\aspects\StepsAspects.java::0 the @annotation pointcut expression is only supported at Java 5 compliance level or above
[DelegatingClassLoader@35559a2f] error at io\qameta\allure\aspects\AttachmentsAspects.java::0 the @annotation pointcut expression is only supported at Java 5 compliance level or above
[DelegatingClassLoader@1c39b763] error at io\qameta\allure\aspects\StepsAspects.java::0 the @annotation pointcut expression is only supported at Java 5 compliance level or above
[DelegatingClassLoader@1c39b763] error at io\qameta\allure\aspects\AttachmentsAspects.java::0 the @annotation pointcut expression is only supported at Java 5 compliance level or above
[DelegatingClassLoader@112480bb] error at io\qameta\allure\aspects\StepsAspects.java::0 the @annotation pointcut expression is only supported at Java 5 compliance level or above
[DelegatingClassLoader@112480bb] error at io\qameta\allure\aspects\AttachmentsAspects.java::0 the @annotation pointcut expression is only supported at Java 5 compliance level or above
[DelegatingClassLoader@360549f] error at io\qameta\allure\aspects\StepsAspects.java::0 the @annotation pointcut expression is only supported at Java 5 compliance level or above
[DelegatingClassLoader@360549f] error at io\qameta\allure\aspects\AttachmentsAspects.java::0 the @annotation pointcut expression is only supported at Java 5 compliance level or above
[DelegatingClassLoader@36dbeaac] error at io\qameta\allure\aspects\StepsAspects.java::0 the @annotation pointcut expression is only supported at Java 5 compliance level or above
[DelegatingClassLoader@36dbeaac] error at io\qameta\allure\aspects\AttachmentsAspects.java::0 the @annotation pointcut expression is only supported at Java 5 compliance level or above
[DelegatingClassLoader@5aa95eb2] error at io\qameta\allure\aspects\StepsAspects.java::0 the @annotation pointcut expression is only supported at Java 5 compliance level or above
[DelegatingClassLoader@5aa95eb2] error at io\qameta\allure\aspects\AttachmentsAspects.java::0 the @annotation pointcut expression is only supported at Java 5 compliance level or above
[DelegatingClassLoader@c0d2cf7] error at io\qameta\allure\aspects\StepsAspects.java::0 the @annotation pointcut expression is only supported at Java 5 compliance level or above
[DelegatingClassLoader@c0d2cf7] error at io\qameta\allure\aspects\AttachmentsAspects.java::0 the @annotation pointcut expression is only supported at Java 5 compliance level or above
[DelegatingClassLoader@3c635485] error at io\qameta\allure\aspects\StepsAspects.java::0 the @annotation pointcut expression is only supported at Java 5 compliance level or above
[DelegatingClassLoader@3c635485] error at io\qameta\allure\aspects\AttachmentsAspects.java::0 the @annotation pointcut expression is only supported at Java 5 compliance level or above
[DelegatingClassLoader@fcea2a4] error at io\qameta\allure\aspects\StepsAspects.java::0 the @annotation pointcut expression is only supported at Java 5 compliance level or above
[DelegatingClassLoader@fcea2a4] error at io\qameta\allure\aspects\AttachmentsAspects.java::0 the @annotation pointcut expression is only supported at Java 5 compliance level or above
[DelegatingClassLoader@4d14e29a] error at io\qameta\allure\aspects\StepsAspects.java::0 the @annotation pointcut expression is only supported at Java 5 compliance level or above
[DelegatingClassLoader@4d14e29a] error at io\qameta\allure\aspects\AttachmentsAspects.java::0 the @annotation pointcut expression is only supported at Java 5 compliance level or above
[DelegatingClassLoader@7d996ca7] error at io\qameta\allure\aspects\StepsAspects.java::0 the @annotation pointcut expression is only supported at Java 5 compliance level or above
[DelegatingClassLoader@7d996ca7] error at io\qameta\allure\aspects\AttachmentsAspects.java::0 the @annotation pointcut expression is only supported at Java 5 compliance level or above
[DelegatingClassLoader@10d58c6] error at io\qameta\allure\aspects\StepsAspects.java::0 the @annotation pointcut expression is only supported at Java 5 compliance level or above
[DelegatingClassLoader@10d58c6] error at io\qameta\allure\aspects\AttachmentsAspects.java::0 the @annotation pointcut expression is only supported at Java 5 compliance level or above
[DelegatingClassLoader@fbbd6e2] error at io\qameta\allure\aspects\StepsAspects.java::0 the @annotation pointcut expression is only supported at Java 5 compliance level or above
[DelegatingClassLoader@fbbd6e2] error at io\qameta\allure\aspects\AttachmentsAspects.java::0 the @annotation pointcut expression is only supported at Java 5 compliance level or above
[DelegatingClassLoader@7f289d2e] error at io\qameta\allure\aspects\StepsAspects.java::0 the @annotation pointcut expression is only supported at Java 5 compliance level or above
[DelegatingClassLoader@7f289d2e] error at io\qameta\allure\aspects\AttachmentsAspects.java::0 the @annotation pointcut expression is only supported at Java 5 compliance level or above
[DelegatingClassLoader@69fd3b07] error at io\qameta\allure\aspects\StepsAspects.java::0 the @annotation pointcut expression is only supported at Java 5 compliance level or above
[DelegatingClassLoader@69fd3b07] error at io\qameta\allure\aspects\AttachmentsAspects.java::0 the @annotation pointcut expression is only supported at Java 5 compliance level or above
[DelegatingClassLoader@39c1e95c] error at io\qameta\allure\aspects\StepsAspects.java::0 the @annotation pointcut expression is only supported at Java 5 compliance level or above
[DelegatingClassLoader@39c1e95c] error at io\qameta\allure\aspects\AttachmentsAspects.java::0 the @annotation pointcut expression is only supported at Java 5 compliance level or above
[DelegatingClassLoader@4e0faffa] error at io\qameta\allure\aspects\StepsAspects.java::0 the @annotation pointcut expression is only supported at Java 5 compliance level or above
[DelegatingClassLoader@4e0faffa] error at io\qameta\allure\aspects\AttachmentsAspects.java::0 the @annotation pointcut expression is only supported at Java 5 compliance level or above
[DelegatingClassLoader@27ae78a7] error at io\qameta\allure\aspects\StepsAspects.java::0 the @annotation pointcut expression is only supported at Java 5 compliance level or above
[DelegatingClassLoader@27ae78a7] error at io\qameta\allure\aspects\AttachmentsAspects.java::0 the @annotation pointcut expression is only supported at Java 5 compliance level or above
[DelegatingClassLoader@4d21c3f1] error at io\qameta\allure\aspects\StepsAspects.java::0 the @annotation pointcut expression is only supported at Java 5 compliance level or above
[DelegatingClassLoader@4d21c3f1] error at io\qameta\allure\aspects\AttachmentsAspects.java::0 the @annotation pointcut expression is only supported at Java 5 compliance level or above
[DelegatingClassLoader@33a176fd] error at io\qameta\allure\aspects\StepsAspects.java::0 the @annotation pointcut expression is only supported at Java 5 compliance level or above
[DelegatingClassLoader@33a176fd] error at io\qameta\allure\aspects\AttachmentsAspects.java::0 the @annotation pointcut expression is only supported at Java 5 compliance level or above
[DelegatingClassLoader@11c4ca81] error at io\qameta\allure\aspects\StepsAspects.java::0 the @annotation pointcut expression is only supported at Java 5 compliance level or above
[DelegatingClassLoader@11c4ca81] error at io\qameta\allure\aspects\AttachmentsAspects.java::0 the @annotation pointcut expression is only supported at Java 5 compliance level or above
[DelegatingClassLoader@2e711adc] error at io\qameta\allure\aspects\StepsAspects.java::0 the @annotation pointcut expression is only supported at Java 5 compliance level or above
[DelegatingClassLoader@2e711adc] error at io\qameta\allure\aspects\AttachmentsAspects.java::0 the @annotation pointcut expression is only supported at Java 5 compliance level or above
[DelegatingClassLoader@7b5cfda8] error at io\qameta\allure\aspects\StepsAspects.java::0 the @annotation pointcut expression is only supported at Java 5 compliance level or above
[DelegatingClassLoader@7b5cfda8] error at io\qameta\allure\aspects\AttachmentsAspects.java::0 the @annotation pointcut expression is only supported at Java 5 compliance level or above
[DelegatingClassLoader@55279a1a] error at io\qameta\allure\aspects\StepsAspects.java::0 the @annotation pointcut expression is only supported at Java 5 compliance level or above
[DelegatingClassLoader@55279a1a] error at io\qameta\allure\aspects\AttachmentsAspects.java::0 the @annotation pointcut expression is only supported at Java 5 compliance level or above
[DelegatingClassLoader@15a31bf0] error at io\qameta\allure\aspects\StepsAspects.java::0 the @annotation pointcut expression is only supported at Java 5 compliance level or above
[DelegatingClassLoader@15a31bf0] error at io\qameta\allure\aspects\AttachmentsAspects.java::0 the @annotation pointcut expression is only supported at Java 5 compliance level or above
[DelegatingClassLoader@45fd1499] error at io\qameta\allure\aspects\StepsAspects.java::0 the @annotation pointcut expression is only supported at Java 5 compliance level or above
[DelegatingClassLoader@45fd1499] error at io\qameta\allure\aspects\AttachmentsAspects.java::0 the @annotation pointcut expression is only supported at Java 5 compliance level or above
[DelegatingClassLoader@df37c16] error at io\qameta\allure\aspects\StepsAspects.java::0 the @annotation pointcut expression is only supported at Java 5 compliance level or above
[DelegatingClassLoader@df37c16] error at io\qameta\allure\aspects\AttachmentsAspects.java::0 the @annotation pointcut expression is only supported at Java 5 compliance level or above
[DelegatingClassLoader@67c73238] error at io\qameta\allure\aspects\StepsAspects.java::0 the @annotation pointcut expression is only supported at Java 5 compliance level or above
[DelegatingClassLoader@67c73238] error at io\qameta\allure\aspects\AttachmentsAspects.java::0 the @annotation pointcut expression is only supported at Java 5 compliance level or above
[DelegatingClassLoader@7565f99f] error at io\qameta\allure\aspects\StepsAspects.java::0 the @annotation pointcut expression is only supported at Java 5 compliance level or above
[DelegatingClassLoader@7565f99f] error at io\qameta\allure\aspects\AttachmentsAspects.java::0 the @annotation pointcut expression is only supported at Java 5 compliance level or above
[DelegatingClassLoader@3ed525cc] error at io\qameta\allure\aspects\StepsAspects.java::0 the @annotation pointcut expression is only supported at Java 5 compliance level or above
[DelegatingClassLoader@3ed525cc] error at io\qameta\allure\aspects\AttachmentsAspects.java::0 the @annotation pointcut expression is only supported at Java 5 compliance level or above
[DelegatingClassLoader@43399b86] error at io\qameta\allure\aspects\StepsAspects.java::0 the @annotation pointcut expression is only supported at Java 5 compliance level or above
[DelegatingClassLoader@43399b86] error at io\qameta\allure\aspects\AttachmentsAspects.java::0 the @annotation pointcut expression is only supported at Java 5 compliance level or above
[DelegatingClassLoader@6aa23ee0] error at io\qameta\allure\aspects\StepsAspects.java::0 the @annotation pointcut expression is only supported at Java 5 compliance level or above
[DelegatingClassLoader@6aa23ee0] error at io\qameta\allure\aspects\AttachmentsAspects.java::0 the @annotation pointcut expression is only supported at Java 5 compliance level or above
]]></system-err>
</testsuite>
